0 silly argv {
0 silly argv   _: [ 'bootstrap' ],
0 silly argv   ci: true,
0 silly argv   'force-local': true,
0 silly argv   forceLocal: true,
0 silly argv   lernaVersion: '4.0.0',
0 silly argv   '$0': 'lerna'
0 silly argv }
1 notice cli v4.0.0
2 verbose rootPath /Users/lukehowsam/srv/dev/airbnb-clone
3 info ci enabled
4 notice filter excluding ["abb-web"]
5 info filter [ '!abb-web' ]
6 error TypeError: Cannot read property 'split' of undefined
6 error     at Minimatch.match (/Users/lukehowsam/.nvm/versions/node/v14.16.0/lib/node_modules/lerna/node_modules/minimatch/minimatch.js:717:9)
6 error     at /Users/lukehowsam/.nvm/versions/node/v14.16.0/lib/node_modules/lerna/node_modules/minimatch/minimatch.js:691:15
6 error     at Array.filter (<anonymous>)
6 error     at Function.minimatch.match (/Users/lukehowsam/.nvm/versions/node/v14.16.0/lib/node_modules/lerna/node_modules/minimatch/minimatch.js:690:15)
6 error     at module.exports (/Users/lukehowsam/.nvm/versions/node/v14.16.0/lib/node_modules/lerna/node_modules/multimatch/index.js:25:39)
6 error     at filterPackages (/Users/lukehowsam/.nvm/versions/node/v14.16.0/lib/node_modules/lerna/node_modules/@lerna/filter-packages/filter-packages.js:44:28)
